AI
Add artist: artistId: 1, name: AI
I WiSH
Add artist: artistId: 2, name: I WiSH
愛内里菜
Add artist: artistId: 3, name: 愛内里菜
aika
Add artist: artistId: 4, name: aika
哀川翔
Add artist: artistId: 5, name: 哀川翔
相川七瀬
Add artist: artistId: 6, name: 相川七瀬
aiko
Add artist: artistId: 7, name: aiko
ICONIQ
Add artist: artistId: 8, name: ICONIQ
iKON
Add artist: artistId: 9, name: iKON
相坂優歌
Add artist: artistId: 10, name: 相坂優歌
あいざき進也
Add artist: artistId: 11, name: あいざき進也
相沢巧弥子
Add artist: artistId: 12, name: 相沢巧弥子
相沢舞
Add artist: artistId: 13, name: 相沢舞
ICTラブリ～ず!!
Add artist: artistId: 14, name: ICTラブリ～ず!!
AISHA
Add artist: artistId: 15, name: AISHA
ICE
Add artist: artistId: 16, name: ICE
Aice5
Add artist: artistId: 17, name: Aice5
ICE BOX
Add artist: artistId: 18, name: ICE BOX
相田翔子
Add artist: artistId: 19, name: 相田翔子
愛奴
Add artist: artistId: 20, name: 愛奴
IDOLiSH7
Add artist: artistId: 21, name: IDOLiSH7
アイドリング!!!
Add artist: artistId: 22, name: アイドリング!!!
アイドルカレッジ
Add artist: artistId: 23, name: アイドルカレッジ
アイドルネッサンス
Add artist: artistId: 24, name: アイドルネッサンス
The Idol Formerly Known As LADYBABY
Add artist: artistId: 25, name: The Idol Formerly Known As LADYBABY
I Don't Like Mondays.
Add artist: artistId: 26, name: I Don't Like Mondays.
愛はズボーン
Add artist: artistId: 27, name: 愛はズボーン
藍羽メイド隊S7
Add artist: artistId: 28, name: 藍羽メイド隊S7
Ivy to Fraudulent Game
Add artist: artistId: 29, name: Ivy to Fraudulent Game
IVORY7 CHORD
Add artist: artistId: 30, name: IVORY7 CHORD
愛美
Add artist: artistId: 31, name: 愛美
AIMI
Add artist: artistId: 32, name: AIMI
あいみょん
Add artist: artistId: 33, name: あいみょん
IU
Add artist: artistId: 34, name: IU
Aira Mitsuki
Add artist: artistId: 35, name: Aira Mitsuki
Aira Mitsuki×Saori@destiny
Add artist: artistId: 36, name: Aira Mitsuki×Saori@destiny
ISLAND BAG
Add artist: artistId: 37, name: ISLAND BAG
AILI
Add artist: artistId: 38, name: AILI
AiRI
Add artist: artistId: 39, name: AiRI
eyelis
Add artist: artistId: 40, name: eyelis
i☆Ris
Add artist: artistId: 41, name: i☆Ris
EINSHTEIN & 言xTHEANSWER
Add artist: artistId: 42, name: EINSHTEIN & 言xTHEANSWER
OUTRAGE
Add artist: artistId: 43, name: OUTRAGE
あえか
Add artist: artistId: 44, name: あえか
葵 from 彩冷える
Add artist: artistId: 45, name: 葵 from 彩冷える
藍井エイル
Add artist: artistId: 46, name: 藍井エイル
葵かを里
Add artist: artistId: 47, name: 葵かを里
青い三角定規
Add artist: artistId: 48, name: 青い三角定規
蒼井翔太
Add artist: artistId: 49, name: 蒼井翔太
あおい輝彦
Add artist: artistId: 50, name: あおい輝彦
蒼彦太
Add artist: artistId: 51, name: 蒼彦太
青江三奈
Add artist: artistId: 52, name: 青江三奈
青木愛
Add artist: artistId: 53, name: 青木愛
青木隆治
Add artist: artistId: 54, name: 青木隆治
青戸健
Add artist: artistId: 55, name: 青戸健
青野美沙稀
Add artist: artistId: 56, name: 青野美沙稀
青葉市子
Add artist: artistId: 57, name: 青葉市子
藍坊主
Add artist: artistId: 58, name: 藍坊主
青峰大輝(諏訪部順一)
Add artist: artistId: 59, name: 青峰大輝(諏訪部順一)
青山テルマ
Add artist: artistId: 60, name: 青山テルマ
青山素子(浅川悠)
Add artist: artistId: 61, name: 青山素子(浅川悠)
赤い公園
Add artist: artistId: 62, name: 赤い公園
赤い鳥
Add artist: artistId: 63, name: 赤い鳥
赤色のグリッター
Add artist: artistId: 64, name: 赤色のグリッター
赤髪
Add artist: artistId: 65, name: 赤髪
赤木圭一郎
Add artist: artistId: 66, name: 赤木圭一郎
赤司征十郎(神谷浩史)
Add artist: artistId: 67, name: 赤司征十郎(神谷浩史)
アカシック
Add artist: artistId: 68, name: アカシック
明石家さんま
Add artist: artistId: 69, name: 明石家さんま
暁テル子
Add artist: artistId: 70, name: 暁テル子
赤西仁
Add artist: artistId: 71, name: 赤西仁
AKANE
Add artist: artistId: 72, name: AKANE
AKANE LIV
Add artist: artistId: 73, name: AKANE LIV
aquarifa
Add artist: artistId: 74, name: aquarifa
あがた森魚
Add artist: artistId: 75, name: あがた森魚
あがた森魚＆はちみつぱい
Add artist: artistId: 76, name: あがた森魚＆はちみつぱい
阿川泰子
Add artist: artistId: 77, name: 阿川泰子
Aki a.k.a 出口陽
Add artist: artistId: 78, name: Aki a.k.a 出口陽
秋赤音
Add artist: artistId: 79, name: 秋赤音
秋岡秀治
Add artist: artistId: 80, name: 秋岡秀治
秋川雅史
Add artist: artistId: 81, name: 秋川雅史
秋月マキシ(芹澤優)
Add artist: artistId: 82, name: 秋月マキシ(芹澤優)
AKINO with bless4
Add artist: artistId: 83, name: AKINO with bless4
AKIHIDE
Add artist: artistId: 84, name: AKIHIDE
秋ひとみ
Add artist: artistId: 85, name: 秋ひとみ
秋元順子
Add artist: artistId: 86, name: 秋元順子
秋本奈緒美
Add artist: artistId: 87, name: 秋本奈緒美
秋山奈々
Add artist: artistId: 88, name: 秋山奈々
秋山竜次(ロバート)
Add artist: artistId: 89, name: 秋山竜次(ロバート)
秋山涼子
Add artist: artistId: 90, name: 秋山涼子
AKIRA
Add artist: artistId: 91, name: AKIRA
Aqua Timez
Add artist: artistId: 92, name: Aqua Timez
access
Add artist: artistId: 93, name: access
Actwres girl'Z BAND
Add artist: artistId: 94, name: Actwres girl'Z BAND
アクメ
Add artist: artistId: 95, name: アクメ
a crowd of rebellion
Add artist: artistId: 96, name: a crowd of rebellion
AKLO
Add artist: artistId: 97, name: AKLO
AKLO×JAY'ED
Add artist: artistId: 98, name: AKLO×JAY'ED
アグネス・チャン
Add artist: artistId: 99, name: アグネス・チャン
Akeboshi
Add artist: artistId: 100, name: Akeboshi
ACO
Add artist: artistId: 101, name: ACO
あこりこ(竹達彩奈＆巽悠衣子)
Add artist: artistId: 102, name: あこりこ(竹達彩奈＆巽悠衣子)
亜沙
Add artist: artistId: 103, name: 亜沙
浅井健一
Add artist: artistId: 104, name: 浅井健一
浅井健一&THE INTERCHANGE KILLS
Add artist: artistId: 105, name: 浅井健一&THE INTERCHANGE KILLS
麻丘めぐみ
Add artist: artistId: 106, name: 麻丘めぐみ
浅岡雄也
Add artist: artistId: 107, name: 浅岡雄也
朝丘雪路
Add artist: artistId: 108, name: 朝丘雪路
浅丘ルリ子
Add artist: artistId: 109, name: 浅丘ルリ子
浅香唯
Add artist: artistId: 110, name: 浅香唯
浅川マキ
Add artist: artistId: 111, name: 浅川マキ
阿佐ヶ谷ロマンティクス
Add artist: artistId: 112, name: 阿佐ヶ谷ロマンティクス
アサキ
Add artist: artistId: 113, name: アサキ
朝倉さや
Add artist: artistId: 114, name: 朝倉さや
浅倉大介
Add artist: artistId: 115, name: 浅倉大介
麻倉未稀
Add artist: artistId: 116, name: 麻倉未稀
朝倉由美子
Add artist: artistId: 117, name: 朝倉由美子
浅田あつこ
Add artist: artistId: 118, name: 浅田あつこ
浅田信一
Add artist: artistId: 119, name: 浅田信一
浅田美代子
Add artist: artistId: 120, name: 浅田美代子
ASA-CHANG＆巡礼
Add artist: artistId: 121, name: ASA-CHANG＆巡礼
浅野ゆう子
Add artist: artistId: 122, name: 浅野ゆう子
朝日美穂
Add artist: artistId: 123, name: 朝日美穂
亜沙 feat.重音テト
Add artist: artistId: 124, name: 亜沙 feat.重音テト
あさまっく
Add artist: artistId: 125, name: あさまっく
あさみちゆき
Add artist: artistId: 126, name: あさみちゆき
麻美ゆま
Add artist: artistId: 127, name: 麻美ゆま
アシガルユース
Add artist: artistId: 128, name: アシガルユース
芦田愛菜
Add artist: artistId: 129, name: 芦田愛菜
ACID ANDROID
Add artist: artistId: 130, name: ACID ANDROID
Acid Black Cherry
Add artist: artistId: 131, name: Acid Black Cherry
ACIDMAN
Add artist: artistId: 132, name: ACIDMAN
葦原ユノ starring yu-yu
Add artist: artistId: 133, name: 葦原ユノ starring yu-yu
安次嶺奈菜子
Add artist: artistId: 134, name: 安次嶺奈菜子
芦屋雁之助
Add artist: artistId: 135, name: 芦屋雁之助
安代雪絵
Add artist: artistId: 136, name: 安代雪絵
ASIAN KUNG-FU GENERATION
Add artist: artistId: 137, name: ASIAN KUNG-FU GENERATION
ASIAN2
Add artist: artistId: 138, name: ASIAN2
AJISAI
Add artist: artistId: 139, name: AJISAI
Arjuna
Add artist: artistId: 140, name: Arjuna
ASKA
Add artist: artistId: 141, name: ASKA
明日香
Add artist: artistId: 142, name: 明日香
asuka ando
Add artist: artistId: 143, name: asuka ando
ASPARAGUS×BEAT CRUSADERS
Add artist: artistId: 144, name: ASPARAGUS×BEAT CRUSADERS
AZU
Add artist: artistId: 145, name: AZU
azusa
Add artist: artistId: 146, name: azusa
梓みちよ
Add artist: artistId: 147, name: 梓みちよ
梓文音
Add artist: artistId: 148, name: 梓文音
梓夕子
Add artist: artistId: 149, name: 梓夕子
東野純直
Add artist: artistId: 150, name: 東野純直
AZUMA HITOMI
Add artist: artistId: 151, name: AZUMA HITOMI
Azumi
Add artist: artistId: 152, name: Azumi
Asriel
Add artist: artistId: 153, name: Asriel
麻生夏子
Add artist: artistId: 154, name: 麻生夏子
麻生よう子
Add artist: artistId: 155, name: 麻生よう子
asobius
Add artist: artistId: 156, name: asobius
新しい学校のリーダーズ
Add artist: artistId: 157, name: 新しい学校のリーダーズ
中孝介
Add artist: artistId: 158, name: 中孝介
安達祐実
Add artist: artistId: 159, name: 安達祐実
あっこゴリラ
Add artist: artistId: 160, name: あっこゴリラ
ASH DA HERO
Add artist: artistId: 161, name: ASH DA HERO
@djtomoko n Ucca-Laugh
Add artist: artistId: 162, name: @djtomoko n Ucca-Laugh
アップアップガールズ(仮)
Add artist: artistId: 163, name: アップアップガールズ(仮)
UP-BEAT
Add artist: artistId: 164, name: UP-BEAT
渥美清
Add artist: artistId: 165, name: 渥美清
アツミサオリ
Add artist: artistId: 166, name: アツミサオリ
跡部景吾(諏訪部順一)
Add artist: artistId: 167, name: 跡部景吾(諏訪部順一)
ATOM ON SPHERE
Add artist: artistId: 168, name: ATOM ON SPHERE
Administrator
Add artist: artistId: 169, name: Administrator
Annabel
Add artist: artistId: 170, name: Annabel
アナログフィッシュ
Add artist: artistId: 171, name: アナログフィッシュ
ANARCHY
Add artist: artistId: 172, name: ANARCHY
ANARCHY STONE
Add artist: artistId: 173, name: ANARCHY STONE
ANIMETAL THE SECOND
Add artist: artistId: 174, name: ANIMETAL THE SECOND
アニーポンプ
Add artist: artistId: 175, name: アニーポンプ
あぬえぬえ∞ぶれいん
Add artist: artistId: 176, name: あぬえぬえ∞ぶれいん
あのねのね
Add artist: artistId: 177, name: あのねのね
亜波根綾乃
Add artist: artistId: 178, name: 亜波根綾乃
abingdon boys school
Add artist: artistId: 179, name: abingdon boys school
After the Rain
Add artist: artistId: 180, name: After the Rain
AFTERSCHOOL
Add artist: artistId: 181, name: AFTERSCHOOL
a flood of circle
Add artist: artistId: 182, name: a flood of circle
A.F.R.O
Add artist: artistId: 183, name: A.F.R.O
absorb
Add artist: artistId: 184, name: absorb
あぶらだこ
Add artist: artistId: 185, name: あぶらだこ
Applicat Spectra
Add artist: artistId: 186, name: Applicat Spectra
安倍麻美
Add artist: artistId: 187, name: 安倍麻美
あべ静江
Add artist: artistId: 188, name: あべ静江
ABEDON
Add artist: artistId: 189, name: ABEDON
安倍なつみ
Add artist: artistId: 190, name: 安倍なつみ
阿部芙蓉美
Add artist: artistId: 191, name: 阿部芙蓉美
阿部真央
Add artist: artistId: 192, name: 阿部真央
安部恭弘
Add artist: artistId: 193, name: 安部恭弘
avengers in sci-fi
Add artist: artistId: 194, name: avengers in sci-fi
APOGEE
Add artist: artistId: 195, name: APOGEE
APOLLO
Add artist: artistId: 196, name: APOLLO
天方直実
Add artist: artistId: 197, name: 天方直実
amazarashi
Add artist: artistId: 198, name: amazarashi
AMAZONS
Add artist: artistId: 199, name: AMAZONS
天知茂
Add artist: artistId: 200, name: 天知茂
天地真理
Add artist: artistId: 201, name: 天地真理
天月-あまつき-
Add artist: artistId: 202, name: 天月-あまつき-
天津羽衣
Add artist: artistId: 203, name: 天津羽衣
天音美広
Add artist: artistId: 204, name: 天音美広
天野月子
Add artist: artistId: 205, name: 天野月子
雨宮天
Add artist: artistId: 206, name: 雨宮天
AMIAYA
Add artist: artistId: 207, name: AMIAYA
amiinA
Add artist: artistId: 208, name: amiinA
あみん
Add artist: artistId: 209, name: あみん
amu
Add artist: artistId: 210, name: amu
安室奈美恵
Add artist: artistId: 211, name: 安室奈美恵
雨先案内人
Add artist: artistId: 212, name: 雨先案内人
雨のパレード
Add artist: artistId: 213, name: 雨のパレード
AMEMIYA
Add artist: artistId: 214, name: AMEMIYA
Amelie
Add artist: artistId: 215, name: Amelie
アモウミコ
Add artist: artistId: 216, name: アモウミコ
AMOYAMO
Add artist: artistId: 217, name: AMOYAMO
絢香
Add artist: artistId: 218, name: 絢香
彩風
Add artist: artistId: 219, name: 彩風
絢瀬絵里(南條愛乃)
Add artist: artistId: 220, name: 絢瀬絵里(南條愛乃)
彩音
Add artist: artistId: 221, name: 彩音
彩乃かなみ
Add artist: artistId: 222, name: 彩乃かなみ
綾野ましろ
Add artist: artistId: 223, name: 綾野ましろ
彩冷える
Add artist: artistId: 224, name: 彩冷える
AYABIE
Add artist: artistId: 225, name: AYABIE
あやまんJAPAN
Add artist: artistId: 226, name: あやまんJAPAN
鮎川誠
Add artist: artistId: 227, name: 鮎川誠
鮎川麻弥
Add artist: artistId: 228, name: 鮎川麻弥
AYUSE KOZUE
Add artist: artistId: 229, name: AYUSE KOZUE
ayU tokiO
Add artist: artistId: 230, name: ayU tokiO
あゆみくりかまき
Add artist: artistId: 231, name: あゆみくりかまき
新居昭乃
Add artist: artistId: 232, name: 新居昭乃
荒川ケンタウロス
Add artist: artistId: 233, name: 荒川ケンタウロス
新垣勉
Add artist: artistId: 234, name: 新垣勉
新垣結衣
Add artist: artistId: 235, name: 新垣結衣
荒木一郎
Add artist: artistId: 236, name: 荒木一郎
荒木とよひさ
Add artist: artistId: 237, name: 荒木とよひさ
荒木真樹彦
Add artist: artistId: 238, name: 荒木真樹彦
荒木由美子
Add artist: artistId: 239, name: 荒木由美子
嵐
Add artist: artistId: 240, name: 嵐
新良幸人×サトウユウ子
Add artist: artistId: 241, name: 新良幸人×サトウユウ子
alan
Add artist: artistId: 242, name: alan
有坂香月(神田朱未)
Add artist: artistId: 243, name: 有坂香月(神田朱未)
アリス
Add artist: artistId: 244, name: アリス
Alice
Add artist: artistId: 245, name: Alice
Alice Nine
Add artist: artistId: 246, name: Alice Nine
ALI PROJECT
Add artist: artistId: 247, name: ALI PROJECT
有村竜太朗
Add artist: artistId: 248, name: 有村竜太朗
有安杏果
Add artist: artistId: 249, name: 有安杏果
アリル
Add artist: artistId: 250, name: アリル
ALLY & DIAZ
Add artist: artistId: 251, name: ALLY & DIAZ
AL
Add artist: artistId: 252, name: AL
アルカラ
Add artist: artistId: 253, name: アルカラ
アルカライダー
Add artist: artistId: 254, name: アルカライダー
ARCAREAFACT
Add artist: artistId: 255, name: ARCAREAFACT
或る感覚
Add artist: artistId: 256, name: 或る感覚
alcott
Add artist: artistId: 257, name: alcott
arko lemming
Add artist: artistId: 258, name: arko lemming
Althea
Add artist: artistId: 259, name: Althea
アルスマグナ
Add artist: artistId: 260, name: アルスマグナ
ALTIMA
Add artist: artistId: 261, name: ALTIMA
ARTEMA
Add artist: artistId: 262, name: ARTEMA
Aldious
Add artist: artistId: 263, name: Aldious
aluto
Add artist: artistId: 264, name: aluto
ALvino
Add artist: artistId: 265, name: ALvino
アルファ
Add artist: artistId: 266, name: アルファ
+α/あるふぁきゅん。
Add artist: artistId: 267, name: +α/あるふぁきゅん。
THE ALFEE
Add artist: artistId: 268, name: THE ALFEE
Alfred Beach Sandal + STUTS
Add artist: artistId: 269, name: Alfred Beach Sandal + STUTS
アルマカミニイト
Add artist: artistId: 270, name: アルマカミニイト
[Alexandros]
Add artist: artistId: 271, name: [Alexandros]
ALEXXX
Add artist: artistId: 272, name: ALEXXX
the ARROWS
Add artist: artistId: 273, name: the ARROWS
アロハ・ブラザース
Add artist: artistId: 274, name: アロハ・ブラザース
淡谷のり子
Add artist: artistId: 275, name: 淡谷のり子
アースシェイカー
Add artist: artistId: 276, name: アースシェイカー
earthmind
Add artist: artistId: 277, name: earthmind
ART-SCHOOL
Add artist: artistId: 278, name: ART-SCHOOL
Art Building
Add artist: artistId: 279, name: Art Building
ARTERY VEIN
Add artist: artistId: 280, name: ARTERY VEIN
LGYankees Produce aagna
Add artist: artistId: 281, name: LGYankees Produce aagna
アーバンギャルド
Add artist: artistId: 282, name: アーバンギャルド
RSP
Add artist: artistId: 283, name: RSP
RCサクセション
Add artist: artistId: 284, name: RCサクセション
杏
Add artist: artistId: 285, name: 杏
Uncle Bomb
Add artist: artistId: 286, name: Uncle Bomb
安西ひろこ
Add artist: artistId: 287, name: 安西ひろこ
安西マリア
Add artist: artistId: 288, name: 安西マリア
angela
Add artist: artistId: 289, name: angela
アンジェラ・アキ
Add artist: artistId: 290, name: アンジェラ・アキ
Angelo
Add artist: artistId: 291, name: Angelo
アンジュルム
Add artist: artistId: 292, name: アンジュルム
Ange☆Reve
Add artist: artistId: 293, name: Ange☆Reve
ANTHEM
Add artist: artistId: 294, name: ANTHEM
安全地帯
Add artist: artistId: 295, name: 安全地帯
アンダーグラフ
Add artist: artistId: 296, name: アンダーグラフ
＿＿(アンダーバー)
Add artist: artistId: 297, name: ＿＿(アンダーバー)
UNCHAIN
Add artist: artistId: 298, name: UNCHAIN
ANTY the 紅乃壱
Add artist: artistId: 299, name: ANTY the 紅乃壱
アンティック-珈琲店-
Add artist: artistId: 300, name: アンティック-珈琲店-
ANTIME
Add artist: artistId: 301, name: ANTIME
アンテナ
Add artist: artistId: 302, name: アンテナ
andymori
Add artist: artistId: 303, name: andymori
アンド
Add artist: artistId: 304, name: アンド
安藤希
Add artist: artistId: 305, name: 安藤希
安藤秀樹
Add artist: artistId: 306, name: 安藤秀樹
安藤裕子
Add artist: artistId: 307, name: 安藤裕子
androp
Add artist: artistId: 308, name: androp
ANNA TSUCHIYA inspi' NANA(BLACK STONES)
Add artist: artistId: 309, name: ANNA TSUCHIYA inspi' NANA(BLACK STONES)
ANNA BANANA
Add artist: artistId: 310, name: ANNA BANANA
Anna(BON-BON BLANCO)
Add artist: artistId: 311, name: Anna(BON-BON BLANCO)
umbrella
Add artist: artistId: 312, name: umbrella
AHN MIKA
Add artist: artistId: 313, name: AHN MIKA
アンモフライト
Add artist: artistId: 314, name: アンモフライト
杏里
Add artist: artistId: 315, name: 杏里
Anly
Add artist: artistId: 316, name: Anly
Anli Pollicino
Add artist: artistId: 317, name: Anli Pollicino
UNLIMITS
Add artist: artistId: 318, name: UNLIMITS
Unlimited tone
Add artist: artistId: 319, name: Unlimited tone
アン・ルイス
Add artist: artistId: 320, name: アン・ルイス
いいくぼさおり
Add artist: artistId: 321, name: いいくぼさおり
飯島真理
Add artist: artistId: 322, name: 飯島真理
飯田圭織
Add artist: artistId: 323, name: 飯田圭織
飯田里穂
Add artist: artistId: 324, name: 飯田里穂
飯塚雅弓
Add artist: artistId: 325, name: 飯塚雅弓
YEN TOWN BAND
Add artist: artistId: 326, name: YEN TOWN BAND
YeYe
Add artist: artistId: 327, name: YeYe
家入レオ
Add artist: artistId: 328, name: 家入レオ
家の裏でマンボウが死んでるP
Add artist: artistId: 329, name: 家の裏でマンボウが死んでるP
YeLLOW Generation
Add artist: artistId: 330, name: YeLLOW Generation
YELLOW FRIED CHICKENz
Add artist: artistId: 331, name: YELLOW FRIED CHICKENz
THE YELLOW MONKEY
Add artist: artistId: 332, name: THE YELLOW MONKEY
イカ娘(金元寿子)
Add artist: artistId: 333, name: イカ娘(金元寿子)
壱岐尾彩花
Add artist: artistId: 334, name: 壱岐尾彩花
いきものがかり
Add artist: artistId: 335, name: いきものがかり
IKU
Add artist: artistId: 336, name: IKU
生稲晃子
Add artist: artistId: 337, name: 生稲晃子
Ikuo
Add artist: artistId: 338, name: Ikuo
生沢佑一
Add artist: artistId: 339, name: 生沢佑一
exist†trace
Add artist: artistId: 340, name: exist†trace
井口裕香
Add artist: artistId: 341, name: 井口裕香
池上ケイ
Add artist: artistId: 342, name: 池上ケイ
池田彩
Add artist: artistId: 343, name: 池田彩
池田綾子
Add artist: artistId: 344, name: 池田綾子
池田聡
Add artist: artistId: 345, name: 池田聡
池田輝郎
Add artist: artistId: 346, name: 池田輝郎
池田政典
Add artist: artistId: 347, name: 池田政典
“E”qual
Add artist: artistId: 348, name: “E”qual
the equal lights
Add artist: artistId: 349, name: the equal lights
IsamU
Add artist: artistId: 350, name: IsamU
諫山実生
Add artist: artistId: 351, name: 諫山実生
井沢八郎
Add artist: artistId: 352, name: 井沢八郎
石井明美
Add artist: artistId: 353, name: 石井明美
石井聖子
Add artist: artistId: 354, name: 石井聖子
石井竜也
Add artist: artistId: 355, name: 石井竜也
石江理世
Add artist: artistId: 356, name: 石江理世
石川さゆり
Add artist: artistId: 357, name: 石川さゆり
石川セリ
Add artist: artistId: 358, name: 石川セリ
石川智晶
Add artist: artistId: 359, name: 石川智晶
石川秀美
Add artist: artistId: 360, name: 石川秀美
石川ひとみ
Add artist: artistId: 361, name: 石川ひとみ
石川マリー
Add artist: artistId: 362, name: 石川マリー
石川優子
Add artist: artistId: 363, name: 石川優子
石川よしひろ
Add artist: artistId: 364, name: 石川よしひろ
石上久美子
Add artist: artistId: 365, name: 石上久美子
石崎ひゅーい
Add artist: artistId: 366, name: 石崎ひゅーい
いしだあゆみ
Add artist: artistId: 367, name: いしだあゆみ
石田ひかり
Add artist: artistId: 368, name: 石田ひかり
石田ミホコ
Add artist: artistId: 369, name: 石田ミホコ
石田燿子
Add artist: artistId: 370, name: 石田燿子
石塚英彦
Add artist: artistId: 371, name: 石塚英彦
石野田奈津代
Add artist: artistId: 372, name: 石野田奈津代
石野真子
Add artist: artistId: 373, name: 石野真子
石野陽子
Add artist: artistId: 374, name: 石野陽子
石原詢子
Add artist: artistId: 375, name: 石原詢子
石原裕次郎
Add artist: artistId: 376, name: 石原裕次郎
石原裕次郎＆八代亜紀
Add artist: artistId: 377, name: 石原裕次郎＆八代亜紀
石橋凌
Add artist: artistId: 378, name: 石橋凌
石風呂
Add artist: artistId: 379, name: 石風呂
石丸幹二
Add artist: artistId: 380, name: 石丸幹二
石嶺聡子
Add artist: artistId: 381, name: 石嶺聡子
イ・ジョンヒョン (from CNBLUE)
Add artist: artistId: 382, name: イ・ジョンヒョン (from CNBLUE)
伊豆田洋之
Add artist: artistId: 383, name: 伊豆田洋之
イズミカワソラ
Add artist: artistId: 384, name: イズミカワソラ
泉まくら
Add artist: artistId: 385, name: 泉まくら
泉谷しげる
Add artist: artistId: 386, name: 泉谷しげる
ISEKI
Add artist: artistId: 387, name: ISEKI
伊勢正三
Add artist: artistId: 388, name: 伊勢正三
伊勢大貴
Add artist: artistId: 389, name: 伊勢大貴
磯貝サイモン
Add artist: artistId: 390, name: 磯貝サイモン
磯崎みお
Add artist: artistId: 391, name: 磯崎みお
磯部正文
Add artist: artistId: 392, name: 磯部正文
板野友美
Add artist: artistId: 393, name: 板野友美
伊丹哲也
Add artist: artistId: 394, name: 伊丹哲也
イダセイコ
Add artist: artistId: 395, name: イダセイコ
市井紗耶香 in CUBIC-CROSS
Add artist: artistId: 396, name: 市井紗耶香 in CUBIC-CROSS
市川愛
Add artist: artistId: 397, name: 市川愛
市川たかし
Add artist: artistId: 398, name: 市川たかし
市川実和子
Add artist: artistId: 399, name: 市川実和子
市川由衣
Add artist: artistId: 400, name: 市川由衣
市川由紀乃
Add artist: artistId: 401, name: 市川由紀乃
ICHIKO
Add artist: artistId: 402, name: ICHIKO
12012
Add artist: artistId: 403, name: 12012
1-E
Add artist: artistId: 404, name: 1-E
一之瀬ユウ
Add artist: artistId: 405, name: 一之瀬ユウ
164
Add artist: artistId: 406, name: 164
ISSA
Add artist: artistId: 407, name: ISSA
ISSA×SoulJa
Add artist: artistId: 408, name: ISSA×SoulJa
一色徳保
Add artist: artistId: 409, name: 一色徳保
一世風靡セピア
Add artist: artistId: 410, name: 一世風靡セピア
一風堂
Add artist: artistId: 411, name: 一風堂
五木ひろし
Add artist: artistId: 412, name: 五木ひろし
Itsco
Add artist: artistId: 413, name: Itsco
五輪真弓
Add artist: artistId: 414, name: 五輪真弓
ゐづ
Add artist: artistId: 415, name: ゐづ
いであやか
Add artist: artistId: 416, name: いであやか
井手麻理子
Add artist: artistId: 417, name: 井手麻理子
伊東歌詞太郎
Add artist: artistId: 418, name: 伊東歌詞太郎
伊藤かな恵
Add artist: artistId: 419, name: 伊藤かな恵
いとうかなこ
Add artist: artistId: 420, name: いとうかなこ
伊藤銀次
Add artist: artistId: 421, name: 伊藤銀次
伊藤ゴロー
Add artist: artistId: 422, name: 伊藤ゴロー
伊藤咲子
Add artist: artistId: 423, name: 伊藤咲子
伊藤さやか
Add artist: artistId: 424, name: 伊藤さやか
伊藤静
Add artist: artistId: 425, name: 伊藤静
伊藤真澄
Add artist: artistId: 426, name: 伊藤真澄
伊藤美来
Add artist: artistId: 427, name: 伊藤美来
伊東ゆかり
Add artist: artistId: 428, name: 伊東ゆかり
伊藤由奈
Add artist: artistId: 429, name: 伊藤由奈
イトヲカシ
Add artist: artistId: 430, name: イトヲカシ
伊奈かっぺい
Add artist: artistId: 431, name: 伊奈かっぺい
稲垣潤一
Add artist: artistId: 432, name: 稲垣潤一
175R
Add artist: artistId: 433, name: 175R
THE イナズマ戦隊
Add artist: artistId: 434, name: THE イナズマ戦隊
因幡晃
Add artist: artistId: 435, name: 因幡晃
稲葉浩志
Add artist: artistId: 436, name: 稲葉浩志
INABA / SALAS
Add artist: artistId: 437, name: INABA / SALAS
イナメトオル
Add artist: artistId: 438, name: イナメトオル
犬神サアカス團
Add artist: artistId: 439, name: 犬神サアカス團
井上鑑
Add artist: artistId: 440, name: 井上鑑
井上あずみ
Add artist: artistId: 441, name: 井上あずみ
井上喜久子
Add artist: artistId: 442, name: 井上喜久子
井上昌己
Add artist: artistId: 443, name: 井上昌己
井上ジョー
Add artist: artistId: 444, name: 井上ジョー
井上苑子
Add artist: artistId: 445, name: 井上苑子
井上望
Add artist: artistId: 446, name: 井上望
井上ひろし
Add artist: artistId: 447, name: 井上ひろし
井上実優
Add artist: artistId: 448, name: 井上実優
井上睦都実
Add artist: artistId: 449, name: 井上睦都実
井上侑
Add artist: artistId: 450, name: 井上侑
井上由美子
Add artist: artistId: 451, name: 井上由美子
井上陽水
Add artist: artistId: 452, name: 井上陽水
井上陽水奥田民生
Add artist: artistId: 453, name: 井上陽水奥田民生
井上芳雄
Add artist: artistId: 454, name: 井上芳雄
井上ヨシマサ
Add artist: artistId: 455, name: 井上ヨシマサ
INNOSENT in FORMAL
Add artist: artistId: 456, name: INNOSENT in FORMAL
イノトモ
Add artist: artistId: 457, name: イノトモ
INORAN
Add artist: artistId: 458, name: INORAN
Eve
Add artist: artistId: 459, name: Eve
Eve×Sou
Add artist: artistId: 460, name: Eve×Sou
evening cinema
Add artist: artistId: 461, name: evening cinema
伊武雅刀
Add artist: artistId: 462, name: 伊武雅刀
今井麻美
Add artist: artistId: 463, name: 今井麻美
今井絵理子
Add artist: artistId: 464, name: 今井絵理子
今井美樹
Add artist: artistId: 465, name: 今井美樹
今井優子
Add artist: artistId: 466, name: 今井優子
Imaginary ENOZ ＆ 涼宮ハルヒ(平野綾)
Add artist: artistId: 467, name: Imaginary ENOZ ＆ 涼宮ハルヒ(平野綾)
忌野清志郎
Add artist: artistId: 468, name: 忌野清志郎
Immigrant's Bossa Band
Add artist: artistId: 469, name: Immigrant's Bossa Band
immi
Add artist: artistId: 470, name: immi
iMagic.
Add artist: artistId: 471, name: iMagic.
井森美幸
Add artist: artistId: 472, name: 井森美幸
immortal noctiluca
Add artist: artistId: 473, name: immortal noctiluca
イヤホンズ
Add artist: artistId: 474, name: イヤホンズ
ILA
Add artist: artistId: 475, name: ILA
iri
Add artist: artistId: 476, name: iri
入江陽
Add artist: artistId: 477, name: 入江陽
illion
Add artist: artistId: 478, name: illion
入野自由
Add artist: artistId: 479, name: 入野自由
入日茜
Add artist: artistId: 480, name: 入日茜
入山アキ子
Add artist: artistId: 481, name: 入山アキ子
iLL
Add artist: artistId: 482, name: iLL
イルカ
Add artist: artistId: 483, name: イルカ
伊禮俊一
Add artist: artistId: 484, name: 伊禮俊一
伊礼亮
Add artist: artistId: 485, name: 伊礼亮
岩男潤子
Add artist: artistId: 486, name: 岩男潤子
岩城滉一
Add artist: artistId: 487, name: 岩城滉一
岩崎愛
Add artist: artistId: 488, name: 岩崎愛
岩崎宏美
Add artist: artistId: 489, name: 岩崎宏美
岩崎宏美 & 国府弘子
Add artist: artistId: 490, name: 岩崎宏美 & 国府弘子
岩崎良美
Add artist: artistId: 491, name: 岩崎良美
岩佐美咲
Add artist: artistId: 492, name: 岩佐美咲
岩瀬敬吾
Add artist: artistId: 493, name: 岩瀬敬吾
岩波理恵
Add artist: artistId: 494, name: 岩波理恵
岩本公水
Add artist: artistId: 495, name: 岩本公水
E-girls
Add artist: artistId: 496, name: E-girls
eastern youth
Add artist: artistId: 497, name: eastern youth
EAST END×YURI
Add artist: artistId: 498, name: EAST END×YURI
ET-KING
Add artist: artistId: 499, name: ET-KING
INKT
Add artist: artistId: 500, name: INKT
INSIDE OUT
Add artist: artistId: 501, name: INSIDE OUT
韻シスト
Add artist: artistId: 502, name: 韻シスト
印象派
Add artist: artistId: 503, name: 印象派
インス
Add artist: artistId: 504, name: インス
indigo blue
Add artist: artistId: 505, name: indigo blue
indigo la End
Add artist: artistId: 506, name: indigo la End
In 197666
Add artist: artistId: 507, name: In 197666
INFINITE
Add artist: artistId: 508, name: INFINITE
INFINITY 16
Add artist: artistId: 509, name: INFINITY 16
WINNER
Add artist: artistId: 510, name: WINNER
The Winking Owl
Add artist: artistId: 511, name: The Winking Owl
Wink
Add artist: artistId: 512, name: Wink
w-inds.
Add artist: artistId: 513, name: w-inds.
Wienners
Add artist: artistId: 514, name: Wienners
WEAVER
Add artist: artistId: 515, name: WEAVER
ううあ
Add artist: artistId: 516, name: ううあ
宇浦冴香
Add artist: artistId: 517, name: 宇浦冴香
Wake Up, Girls!
Add artist: artistId: 518, name: Wake Up, Girls!
THE WASTED
Add artist: artistId: 519, name: THE WASTED
ウェザーガールズ
Add artist: artistId: 520, name: ウェザーガールズ
上坂すみれ
Add artist: artistId: 521, name: 上坂すみれ
上杉香緒里
Add artist: artistId: 522, name: 上杉香緒里
上杉周大
Add artist: artistId: 523, name: 上杉周大
上江洌.清作＆The BK Sounds!!
Add artist: artistId: 524, name: 上江洌.清作＆The BK Sounds!!
上田現
Add artist: artistId: 525, name: 上田現
上田知華
Add artist: artistId: 526, name: 上田知華
上田正樹
Add artist: artistId: 527, name: 上田正樹
植田真梨恵
Add artist: artistId: 528, name: 植田真梨恵
上田麗奈
Add artist: artistId: 529, name: 上田麗奈
上地等
Add artist: artistId: 530, name: 上地等
上戸彩
Add artist: artistId: 531, name: 上戸彩
上野さゆり
Add artist: artistId: 532, name: 上野さゆり
上野旬也とロス・プリメーロ オルケスタ
Add artist: artistId: 533, name: 上野旬也とロス・プリメーロ オルケスタ
上野優華
Add artist: artistId: 534, name: 上野優華
上原あずみ
Add artist: artistId: 535, name: 上原あずみ
上原多香子
Add artist: artistId: 536, name: 上原多香子
上原れな
Add artist: artistId: 537, name: 上原れな
UEBO
Add artist: artistId: 538, name: UEBO
上間綾乃
Add artist: artistId: 539, name: 上間綾乃
植村花菜
Add artist: artistId: 540, name: 植村花菜
WOMCADOLE
Add artist: artistId: 541, name: WOMCADOLE
Walkings
Add artist: artistId: 542, name: Walkings
waterweed
Add artist: artistId: 543, name: waterweed
WAR-ED
Add artist: artistId: 544, name: WAR-ED
warbear
Add artist: artistId: 545, name: warbear
ウカスカジー
Add artist: artistId: 546, name: ウカスカジー
うさ
Add artist: artistId: 547, name: うさ
USAGI
Add artist: artistId: 548, name: USAGI
宇崎竜童
Add artist: artistId: 549, name: 宇崎竜童
うしろゆびさされ組
Add artist: artistId: 550, name: うしろゆびさされ組
臼井嗣人
Add artist: artistId: 551, name: 臼井嗣人
臼澤みさき
Add artist: artistId: 552, name: 臼澤みさき
UZUMAKI
Add artist: artistId: 553, name: UZUMAKI
埋火
Add artist: artistId: 554, name: 埋火
ウソツキ
Add artist: artistId: 555, name: ウソツキ
嘘つきバービー
Add artist: artistId: 556, name: 嘘つきバービー
嘘とカメレオン
Add artist: artistId: 557, name: 嘘とカメレオン
唄人羽
Add artist: artistId: 558, name: 唄人羽
歌うキッチン
Add artist: artistId: 559, name: 歌うキッチン
Utada
Add artist: artistId: 560, name: Utada
宇多田ヒカル
Add artist: artistId: 561, name: 宇多田ヒカル
詩月カオリ
Add artist: artistId: 562, name: 詩月カオリ
宇田川別館バンド
Add artist: artistId: 563, name: 宇田川別館バンド
打首獄門同好会
Add artist: artistId: 564, name: 打首獄門同好会
内田あかり
Add artist: artistId: 565, name: 内田あかり
内田彩
Add artist: artistId: 566, name: 内田彩
内田真礼
Add artist: artistId: 567, name: 内田真礼
内田有紀
Add artist: artistId: 568, name: 内田有紀
内山田洋とクールファイブ
Add artist: artistId: 569, name: 内山田洋とクールファイブ
uchuu;
Add artist: artistId: 570, name: uchuu;
宇宙コンビニ
Add artist: artistId: 571, name: 宇宙コンビニ
宇宙人
Add artist: artistId: 572, name: 宇宙人
宇宙人 (Cosmos People)
Add artist: artistId: 573, name: 宇宙人 (Cosmos People)
宇宙ネコ子
Add artist: artistId: 574, name: 宇宙ネコ子
宇宙まお
Add artist: artistId: 575, name: 宇宙まお
有頂天BOYS
Add artist: artistId: 576, name: 有頂天BOYS
宇都宮隆
Add artist: artistId: 577, name: 宇都宮隆
宇都美慶子
Add artist: artistId: 578, name: 宇都美慶子
宇徳敬子
Add artist: artistId: 579, name: 宇徳敬子
うどん兄弟
Add artist: artistId: 580, name: うどん兄弟
宇野美香子
Add artist: artistId: 581, name: 宇野美香子
うみのて
Add artist: artistId: 582, name: うみのて
うめ吉
Add artist: artistId: 583, name: うめ吉
梅沢富美男
Add artist: artistId: 584, name: 梅沢富美男
楳図かずお
Add artist: artistId: 585, name: 楳図かずお
梅原司平
Add artist: artistId: 586, name: 梅原司平
WOOYOUNG (From 2PM)
Add artist: artistId: 587, name: WOOYOUNG (From 2PM)
浦井健治
Add artist: artistId: 588, name: 浦井健治
浦壁多恵
Add artist: artistId: 589, name: 浦壁多恵
浦島坂田船
Add artist: artistId: 590, name: 浦島坂田船
urata naoya (AAA)
Add artist: artistId: 591, name: urata naoya (AAA)
ウラニーノ
Add artist: artistId: 592, name: ウラニーノ
浦部雅美
Add artist: artistId: 593, name: 浦部雅美
Uru
Add artist: artistId: 594, name: Uru
ウルトラキャッツ
Add artist: artistId: 595, name: ウルトラキャッツ
ウルトラタワー
Add artist: artistId: 596, name: ウルトラタワー
ULTRA-PRISM
Add artist: artistId: 597, name: ULTRA-PRISM
ウルフルズ
Add artist: artistId: 598, name: ウルフルズ
UROBOROS
Add artist: artistId: 599, name: UROBOROS
浮気者
Add artist: artistId: 600, name: 浮気者
UA
Add artist: artistId: 601, name: UA
ua×菊地成孔
Add artist: artistId: 602, name: ua×菊地成孔
UVERworld
Add artist: artistId: 603, name: UVERworld
EA
Add artist: artistId: 604, name: EA
AIRBAG
Add artist: artistId: 605, name: AIRBAG
AIR
Add artist: artistId: 606, name: AIR
エイジア エンジニア
Add artist: artistId: 607, name: エイジア エンジニア
Age Factory
Add artist: artistId: 608, name: Age Factory
HR
Add artist: artistId: 609, name: HR
HKT48
Add artist: artistId: 610, name: HKT48
H2O
Add artist: artistId: 611, name: H2O
HY
Add artist: artistId: 612, name: HY
HY+BIGMAMA
Add artist: artistId: 613, name: HY+BIGMAMA
A.B.C-Z
Add artist: artistId: 614, name: A.B.C-Z
エイプリルズ
Add artist: artistId: 615, name: エイプリルズ
AiM
Add artist: artistId: 616, name: AiM
Allies
Add artist: artistId: 617, name: Allies
永六輔
Add artist: artistId: 618, name: 永六輔
EXO
Add artist: artistId: 619, name: EXO
EXO-CBX
Add artist: artistId: 620, name: EXO-CBX
エクリップス(戸松遥/中島愛/早見沙織)
Add artist: artistId: 621, name: エクリップス(戸松遥/中島愛/早見沙織)
EXILE
Add artist: artistId: 622, name: EXILE
EXILE ATSUSHI
Add artist: artistId: 623, name: EXILE ATSUSHI
EXILE THE SECOND
Add artist: artistId: 624, name: EXILE THE SECOND
EXILE SHOKICHI
Add artist: artistId: 625, name: EXILE SHOKICHI
EXILE TAKAHIRO
Add artist: artistId: 626, name: EXILE TAKAHIRO
EXILE TRIBE
Add artist: artistId: 627, name: EXILE TRIBE
エグスプロージョン
Add artist: artistId: 628, name: エグスプロージョン
江口洋介
Add artist: artistId: 629, name: 江口洋介
ecosystem
Add artist: artistId: 630, name: ecosystem
ECHOES
Add artist: artistId: 631, name: ECHOES
EGOIST
Add artist: artistId: 632, name: EGOIST
EGO-WRAPPIN'
Add artist: artistId: 633, name: EGO-WRAPPIN'
EGO-WRAPPIN' AND THE GOSSIP OF JAXX
Add artist: artistId: 634, name: EGO-WRAPPIN' AND THE GOSSIP OF JAXX
S.R.S
Add artist: artistId: 635, name: S.R.S
SF9
Add artist: artistId: 636, name: SF9
S.M.N.
Add artist: artistId: 637, name: S.M.N.
SA
Add artist: artistId: 638, name: SA
S'capade
Add artist: artistId: 639, name: S'capade
エスカーゴ
Add artist: artistId: 640, name: エスカーゴ
SKE48
Add artist: artistId: 641, name: SKE48
ESCOLTA
Add artist: artistId: 642, name: ESCOLTA
sg WANNA BE+
Add artist: artistId: 643, name: sg WANNA BE+
SDN48
Add artist: artistId: 644, name: SDN48
s4
Add artist: artistId: 645, name: s4
Especia
Add artist: artistId: 646, name: Especia
越前リョーマ(皆川純子)
Add artist: artistId: 647, name: 越前リョーマ(皆川純子)
X JAPAN
Add artist: artistId: 648, name: X JAPAN
X21
Add artist: artistId: 649, name: X21
X4
Add artist: artistId: 650, name: X4
EDGE of LIFE
Add artist: artistId: 651, name: EDGE of LIFE
EdgePlayer
Add artist: artistId: 652, name: EdgePlayer
edda
Add artist: artistId: 653, name: edda
etsuco
Add artist: artistId: 654, name: etsuco
江藤天音
Add artist: artistId: 655, name: 江藤天音
衛藤利恵
Add artist: artistId: 656, name: 衛藤利恵
エドアルド
Add artist: artistId: 657, name: エドアルド
Edgar
Add artist: artistId: 658, name: Edgar
エドガー・サリヴァン
Add artist: artistId: 659, name: エドガー・サリヴァン
Any
Add artist: artistId: 660, name: Any
NSP
Add artist: artistId: 661, name: NSP
NMB48
Add artist: artistId: 662, name: NMB48
NCT 127
Add artist: artistId: 663, name: NCT 127
N.C.B.B
Add artist: artistId: 664, name: N.C.B.B
NG HEAD
Add artist: artistId: 665, name: NG HEAD
N's
Add artist: artistId: 666, name: N's
榎本健一
Add artist: artistId: 667, name: 榎本健一
榎本温子
Add artist: artistId: 668, name: 榎本温子
榎本くるみ
Add artist: artistId: 669, name: 榎本くるみ
EVERLONG
Add artist: artistId: 670, name: EVERLONG
恵比寿マスカッツ
Add artist: artistId: 671, name: 恵比寿マスカッツ
恵比寿★マスカッツ
Add artist: artistId: 672, name: 恵比寿★マスカッツ
EBiDAN 39&KiDS
Add artist: artistId: 673, name: EBiDAN 39&KiDS
FTISLAND
Add artist: artistId: 674, name: FTISLAND
F-BLOOD
Add artist: artistId: 675, name: F-BLOOD
Every Little Thing
Add artist: artistId: 676, name: Every Little Thing
everying!
Add artist: artistId: 677, name: everying!
EVO+
Add artist: artistId: 678, name: EVO+
EPO
Add artist: artistId: 679, name: EPO
エミ・マイヤーと永井聖一
Add artist: artistId: 680, name: エミ・マイヤーと永井聖一
EMI MARIA
Add artist: artistId: 681, name: EMI MARIA
MK-twinty
Add artist: artistId: 682, name: MK-twinty
mc2
Add artist: artistId: 683, name: mc2
MCU
Add artist: artistId: 684, name: MCU
M2U
Add artist: artistId: 685, name: M2U
M-BAND
Add artist: artistId: 686, name: M-BAND
m-flo
Add artist: artistId: 687, name: m-flo
Aimer
Add artist: artistId: 688, name: Aimer
erica
Add artist: artistId: 689, name: erica
恵莉花
Add artist: artistId: 690, name: 恵莉花
ELISA
Add artist: artistId: 691, name: ELISA
江利チエミ
Add artist: artistId: 692, name: 江利チエミ
L⇔R
Add artist: artistId: 693, name: L⇔R
LM.C
Add artist: artistId: 694, name: LM.C
lol-エルオーエル-
Add artist: artistId: 695, name: lol-エルオーエル-
Lc5
Add artist: artistId: 696, name: Lc5
LGMonkees
Add artist: artistId: 697, name: LGMonkees
LGYankees
Add artist: artistId: 698, name: LGYankees
LGYankees presents DJ No.2
Add artist: artistId: 699, name: LGYankees presents DJ No.2
ELLEGARDEN
Add artist: artistId: 700, name: ELLEGARDEN
エレキハチマキ
Add artist: artistId: 701, name: エレキハチマキ
エレファントカシマシ
Add artist: artistId: 702, name: エレファントカシマシ
ARB
Add artist: artistId: 703, name: ARB
Awich
Add artist: artistId: 704, name: Awich
AA=
Add artist: artistId: 705, name: AA=
A応P
Add artist: artistId: 706, name: A応P
AOA
Add artist: artistId: 707, name: AOA
AK-69
Add artist: artistId: 708, name: AK-69
AKB48
Add artist: artistId: 709, name: AKB48
Apink
Add artist: artistId: 710, name: Apink
ent
Add artist: artistId: 711, name: ent
遠藤京子
Add artist: artistId: 712, name: 遠藤京子
遠藤久美子
Add artist: artistId: 713, name: 遠藤久美子
遠藤賢司
Add artist: artistId: 714, name: 遠藤賢司
遠藤舞
Add artist: artistId: 715, name: 遠藤舞
遠藤正明
Add artist: artistId: 716, name: 遠藤正明
ENDRECHERI
Add artist: artistId: 717, name: ENDRECHERI
ENDLICHERI☆ENDLICHERI
Add artist: artistId: 718, name: ENDLICHERI☆ENDLICHERI
ember
Add artist: artistId: 719, name: ember
EMPiRE
Add artist: artistId: 720, name: EMPiRE
艶も酣
Add artist: artistId: 721, name: 艶も酣
エンヤサン
Add artist: artistId: 722, name: エンヤサン
エンレイ
Add artist: artistId: 723, name: エンレイ
及川光博
Add artist: artistId: 724, name: 及川光博
及川光博＆THE FANTASTIX
Add artist: artistId: 725, name: 及川光博＆THE FANTASTIX
おいしいはなし
Add artist: artistId: 726, name: おいしいはなし
OGRE YOU ASSHOLE
Add artist: artistId: 727, name: OGRE YOU ASSHOLE
凰稀かなめ
Add artist: artistId: 728, name: 凰稀かなめ
横道坊主
Add artist: artistId: 729, name: 横道坊主
近江知永
Add artist: artistId: 730, name: 近江知永
欧陽菲菲
Add artist: artistId: 731, name: 欧陽菲菲
大石秀一郎(近藤孝行)
Add artist: artistId: 732, name: 大石秀一郎(近藤孝行)
大石昌良
Add artist: artistId: 733, name: 大石昌良
大石円
Add artist: artistId: 734, name: 大石円
大泉逸郎
Add artist: artistId: 735, name: 大泉逸郎
おおい大輔
Add artist: artistId: 736, name: おおい大輔
大江千里
Add artist: artistId: 737, name: 大江千里
大江裕
Add artist: artistId: 738, name: 大江裕
おおたか静流
Add artist: artistId: 739, name: おおたか静流
大川栄策
Add artist: artistId: 740, name: 大川栄策
大賀埜々
Add artist: artistId: 741, name: 大賀埜々
大木彩乃
Add artist: artistId: 742, name: 大木彩乃
おおくぼけい
Add artist: artistId: 743, name: おおくぼけい
大黒摩季
Add artist: artistId: 744, name: 大黒摩季
大阪☆春夏秋冬
Add artist: artistId: 745, name: 大阪☆春夏秋冬
大沢桃子
Add artist: artistId: 746, name: 大沢桃子
大澤誉志幸
Add artist: artistId: 747, name: 大澤誉志幸
大城クラウディア
Add artist: artistId: 748, name: 大城クラウディア
大城バネサ
Add artist: artistId: 749, name: 大城バネサ
大杉久美子
Add artist: artistId: 750, name: 大杉久美子
おおたえみり
Add artist: artistId: 751, name: おおたえみり
大滝詠一
Add artist: artistId: 752, name: 大滝詠一
大竹しのぶ
Add artist: artistId: 753, name: 大竹しのぶ
大谷めいゆう
Add artist: artistId: 754, name: 大谷めいゆう
太田裕美
Add artist: artistId: 755, name: 太田裕美
大知正紘
Add artist: artistId: 756, name: 大知正紘
大塚愛
Add artist: artistId: 757, name: 大塚愛
大塚博堂
Add artist: artistId: 758, name: 大塚博堂
大塚まさじ
Add artist: artistId: 759, name: 大塚まさじ
大塚利恵
Add artist: artistId: 760, name: 大塚利恵
大槻ケンヂ
Add artist: artistId: 761, name: 大槻ケンヂ
大槻ケンヂと絶望少女達
Add artist: artistId: 762, name: 大槻ケンヂと絶望少女達
大槻マキ
Add artist: artistId: 763, name: 大槻マキ
大月みやこ
Add artist: artistId: 764, name: 大月みやこ
大津美子
Add artist: artistId: 765, name: 大津美子
大友康平
Add artist: artistId: 766, name: 大友康平
大友ジュン
Add artist: artistId: 767, name: 大友ジュン
大西亜里
Add artist: artistId: 768, name: 大西亜里
大西結花
Add artist: artistId: 769, name: 大西結花
大西ユカリ
Add artist: artistId: 770, name: 大西ユカリ
大貫妙子
Add artist: artistId: 771, name: 大貫妙子
大貫妙子 & 坂本龍一
Add artist: artistId: 772, name: 大貫妙子 & 坂本龍一
大貫妙子＆小松亮太
Add artist: artistId: 773, name: 大貫妙子＆小松亮太
大野愛果
Add artist: artistId: 774, name: 大野愛果
大野靖之
Add artist: artistId: 775, name: 大野靖之
大橋彩香
Add artist: artistId: 776, name: 大橋彩香
大橋歩夕
Add artist: artistId: 777, name: 大橋歩夕
大橋純子
Add artist: artistId: 778, name: 大橋純子
大橋卓弥
Add artist: artistId: 779, name: 大橋卓弥
大橋トリオ
Add artist: artistId: 780, name: 大橋トリオ
大橋のぞみ
Add artist: artistId: 781, name: 大橋のぞみ
大橋利恵
Add artist: artistId: 782, name: 大橋利恵
おおはた雄一
Add artist: artistId: 783, name: おおはた雄一
おおはた雄一×クリス智子
Add artist: artistId: 784, name: おおはた雄一×クリス智子
大原櫻子
Add artist: artistId: 785, name: 大原櫻子
大場久美子
Add artist: artistId: 786, name: 大場久美子
大渕博光
Add artist: artistId: 787, name: 大渕博光
おおもと友子
Add artist: artistId: 788, name: おおもと友子
大森靖子
Add artist: artistId: 789, name: 大森靖子
大森靖子＆THEピンクトカレフ
Add artist: artistId: 790, name: 大森靖子＆THEピンクトカレフ
大山百合香
Add artist: artistId: 791, name: 大山百合香
岡崎体育
Add artist: artistId: 792, name: 岡崎体育
岡崎律子
Add artist: artistId: 793, name: 岡崎律子
岡田しづき
Add artist: artistId: 794, name: 岡田しづき
岡田奈々
Add artist: artistId: 795, name: 岡田奈々
岡田有希子
Add artist: artistId: 796, name: 岡田有希子
岡千秋
Add artist: artistId: 797, name: 岡千秋
岡野宏典
Add artist: artistId: 798, name: 岡野宏典
岡晴夫
Add artist: artistId: 799, name: 岡晴夫
岡林信康
Add artist: artistId: 800, name: 岡林信康
岡平健治
Add artist: artistId: 801, name: 岡平健治
丘みどり
Add artist: artistId: 802, name: 丘みどり
岡村孝子
Add artist: artistId: 803, name: 岡村孝子
岡村靖幸
Add artist: artistId: 804, name: 岡村靖幸
岡本愛梨
Add artist: artistId: 805, name: 岡本愛梨
OKAMOTO'S
Add artist: artistId: 806, name: OKAMOTO'S
岡本夏生
Add artist: artistId: 807, name: 岡本夏生
岡本信彦
Add artist: artistId: 808, name: 岡本信彦
岡本舞子
Add artist: artistId: 809, name: 岡本舞子
岡本真夜
Add artist: artistId: 810, name: 岡本真夜
岡本玲
Add artist: artistId: 811, name: 岡本玲
おがさわらあい
Add artist: artistId: 812, name: おがさわらあい
緒方恵美
Add artist: artistId: 813, name: 緒方恵美
小川知子
Add artist: artistId: 814, name: 小川知子
小川範子
Add artist: artistId: 815, name: 小川範子
小川美由希
Add artist: artistId: 816, name: 小川美由希
沖樹莉亜
Add artist: artistId: 817, name: 沖樹莉亜
沖ちづる
Add artist: artistId: 818, name: 沖ちづる
奥菜恵
Add artist: artistId: 819, name: 奥菜恵
沖祐市
Add artist: artistId: 820, name: 沖祐市
荻野目洋子
Add artist: artistId: 821, name: 荻野目洋子
奥井亜紀
Add artist: artistId: 822, name: 奥井亜紀
奥居香
Add artist: artistId: 823, name: 奥居香
奥井雅美
Add artist: artistId: 824, name: 奥井雅美
0930(オクサマ)
Add artist: artistId: 825, name: 0930(オクサマ)
奥田民生
Add artist: artistId: 826, name: 奥田民生
奥田美和子
Add artist: artistId: 827, name: 奥田美和子
OxT
Add artist: artistId: 828, name: OxT
奥華子
Add artist: artistId: 829, name: 奥華子
奥村愛子
Add artist: artistId: 830, name: 奥村愛子
奥村兄弟
Add artist: artistId: 831, name: 奥村兄弟
奥村チヨ
Add artist: artistId: 832, name: 奥村チヨ
奥村初音
Add artist: artistId: 833, name: 奥村初音
小椋佳
Add artist: artistId: 834, name: 小椋佳
小倉唯
Add artist: artistId: 835, name: 小倉唯
尾崎亜美
Add artist: artistId: 836, name: 尾崎亜美
尾崎紀世彦
Add artist: artistId: 837, name: 尾崎紀世彦
尾崎豊
Add artist: artistId: 838, name: 尾崎豊
小沢健二
Add artist: artistId: 839, name: 小沢健二
小沢昭一
Add artist: artistId: 840, name: 小沢昭一
オシリペンペンズ
Add artist: artistId: 841, name: オシリペンペンズ
OZROSAURUS
Add artist: artistId: 842, name: OZROSAURUS
OSTER project feat.初音ミク
Add artist: artistId: 843, name: OSTER project feat.初音ミク
O's
Add artist: artistId: 844, name: O's
オズ
Add artist: artistId: 845, name: オズ
織田かおり
Add artist: artistId: 846, name: 織田かおり
小田和正
Add artist: artistId: 847, name: 小田和正
小田純平
Add artist: artistId: 848, name: 小田純平
織田哲郎
Add artist: artistId: 849, name: 織田哲郎
小谷美紗子
Add artist: artistId: 850, name: 小谷美紗子
織田裕二
Add artist: artistId: 851, name: 織田裕二
乙三.
Add artist: artistId: 852, name: 乙三.
8otto
Add artist: artistId: 853, name: 8otto
おとぎ話
Add artist: artistId: 854, name: おとぎ話
男闘呼組
Add artist: artistId: 855, name: 男闘呼組
オトナモード
Add artist: artistId: 856, name: オトナモード
オトハネコモレビ
Add artist: artistId: 857, name: オトハネコモレビ
乙女新党
Add artist: artistId: 858, name: 乙女新党
音屋吉右衛門
Add artist: artistId: 859, name: 音屋吉右衛門
オトループ
Add artist: artistId: 860, name: オトループ
odd
Add artist: artistId: 861, name: odd
踊ってばかりの国
Add artist: artistId: 862, name: 踊ってばかりの国
踊Foot Works
Add artist: artistId: 863, name: 踊Foot Works
odol
Add artist: artistId: 864, name: odol
ONIGAWARA
Add artist: artistId: 865, name: ONIGAWARA
鬼束ちひろ
Add artist: artistId: 866, name: 鬼束ちひろ
鬼束ちひろ & BILLYS SANDWITCHES
Add artist: artistId: 867, name: 鬼束ちひろ & BILLYS SANDWITCHES
おニャン子クラブ
Add artist: artistId: 868, name: おニャン子クラブ
HONEST・辻
Add artist: artistId: 869, name: HONEST・辻
小野恵令奈
Add artist: artistId: 870, name: 小野恵令奈
小野賢章
Add artist: artistId: 871, name: 小野賢章
小野大輔
Add artist: artistId: 872, name: 小野大輔
小野正利
Add artist: artistId: 873, name: 小野正利
小野友樹
Add artist: artistId: 874, name: 小野友樹
小野由紀子
Add artist: artistId: 875, name: 小野由紀子
小野リサ
Add artist: artistId: 876, name: 小野リサ
ohana
Add artist: artistId: 877, name: ohana
小畑実
Add artist: artistId: 878, name: 小畑実
Official髭男dism
Add artist: artistId: 879, name: Official髭男dism
オフコース
Add artist: artistId: 880, name: オフコース
小袋成彬
Add artist: artistId: 881, name: 小袋成彬
OBLIVION DUST
Add artist: artistId: 882, name: OBLIVION DUST
オマスガ
Add artist: artistId: 883, name: オマスガ
*ω*Quintet
Add artist: artistId: 884, name: *ω*Quintet
オメでたい頭でなにより
Add artist: artistId: 885, name: オメでたい頭でなにより
思い出野郎Aチーム
Add artist: artistId: 886, name: 思い出野郎Aチーム
面影ラッキーホール
Add artist: artistId: 887, name: 面影ラッキーホール
小山卓治
Add artist: artistId: 888, name: 小山卓治
折笠愛
Add artist: artistId: 889, name: 折笠愛
折笠富美子
Add artist: artistId: 890, name: 折笠富美子
ORIGINAL LOVE
Add artist: artistId: 891, name: ORIGINAL LOVE
OLIVIA
Add artist: artistId: 892, name: OLIVIA
オルケスタ・デル・ソル
Add artist: artistId: 893, name: オルケスタ・デル・ソル
ALSDEAD
Add artist: artistId: 894, name: ALSDEAD
OLDCODEX
Add artist: artistId: 895, name: OLDCODEX
ALBRIGHT KNOT
Add artist: artistId: 896, name: ALBRIGHT KNOT
ORESAMA
Add artist: artistId: 897, name: ORESAMA
オレスカバンド
Add artist: artistId: 898, name: オレスカバンド
ORANGE CARAMEL
Add artist: artistId: 899, name: ORANGE CARAMEL
Orangestar
Add artist: artistId: 900, name: Orangestar
orange pekoe
Add artist: artistId: 901, name: orange pekoe
ORANGE POST REASON
Add artist: artistId: 902, name: ORANGE POST REASON
ORANGE RANGE
Add artist: artistId: 903, name: ORANGE RANGE
オワタP
Add artist: artistId: 904, name: オワタP
オワリカラ
Add artist: artistId: 905, name: オワリカラ
Okey Dokey
Add artist: artistId: 906, name: Okey Dokey
Awesome City Club
Add artist: artistId: 907, name: Awesome City Club
AUTRIBE
Add artist: artistId: 908, name: AUTRIBE
OVERGROUND ACOUSTIC UNDERGROUND
Add artist: artistId: 909, name: OVERGROUND ACOUSTIC UNDERGROUND
OverTheDogs
Add artist: artistId: 910, name: OverTheDogs
Over The Rainbow
Add artist: artistId: 911, name: Over The Rainbow
OverTone
Add artist: artistId: 912, name: OverTone
OOPARTZ
Add artist: artistId: 913, name: OOPARTZ
OH!!マイキーズ
Add artist: artistId: 914, name: OH!!マイキーズ
THE ORAL CIGARETTES
Add artist: artistId: 915, name: THE ORAL CIGARETTES
オーラルヴァンパイア
Add artist: artistId: 916, name: オーラルヴァンパイア
ALL OFF
Add artist: artistId: 917, name: ALL OFF
ALL CITY STEPPERS
Add artist: artistId: 918, name: ALL CITY STEPPERS
All Japan Goith
Add artist: artistId: 919, name: All Japan Goith
OLEDICKFOGGY
Add artist: artistId: 920, name: OLEDICKFOGGY
A11yourDays
Add artist: artistId: 921, name: A11yourDays
ON/OFF
Add artist: artistId: 922, name: ON/OFF
ON THE SEA
Add artist: artistId: 923, name: ON THE SEA
音速ライン
Add artist: artistId: 924, name: 音速ライン
陰陽座
Add artist: artistId: 925, name: 陰陽座
KAI
Add artist: artistId: 926, name: KAI
海援隊
Add artist: artistId: 927, name: 海援隊
快速東京
Add artist: artistId: 928, name: 快速東京
甲斐智枝美
Add artist: artistId: 929, name: 甲斐智枝美
kainatsu
Add artist: artistId: 930, name: kainatsu
甲斐バンド
Add artist: artistId: 931, name: 甲斐バンド
甲斐よしひろ
Add artist: artistId: 932, name: 甲斐よしひろ
かいりきベア
Add artist: artistId: 933, name: かいりきベア
Kylee
Add artist: artistId: 934, name: Kylee
Count Phantom
Add artist: artistId: 935, name: Count Phantom
甲斐童夢(椎名へきる)
Add artist: artistId: 936, name: 甲斐童夢(椎名へきる)
KAORI
Add artist: artistId: 937, name: KAORI
GAO
Add artist: artistId: 938, name: GAO
かかし
Add artist: artistId: 939, name: かかし
KAKASHI
Add artist: artistId: 940, name: KAKASHI
鏡五郎
Add artist: artistId: 941, name: 鏡五郎
加賀美セイラ
Add artist: artistId: 942, name: 加賀美セイラ
火神大我(小野友樹)
Add artist: artistId: 943, name: 火神大我(小野友樹)
加賀谷はつみ
Add artist: artistId: 944, name: 加賀谷はつみ
香川裕光
Add artist: artistId: 945, name: 香川裕光
加川良
Add artist: artistId: 946, name: 加川良
ガガガSP
Add artist: artistId: 947, name: ガガガSP
蠣崎未来
Add artist: artistId: 948, name: 蠣崎未来
柿原朱美
Add artist: artistId: 949, name: 柿原朱美
柿原徹也
Add artist: artistId: 950, name: 柿原徹也
餓鬼レンジャー
Add artist: artistId: 951, name: 餓鬼レンジャー
角田信朗
Add artist: artistId: 952, name: 角田信朗
GAKU-MC
Add artist: artistId: 953, name: GAKU-MC
GACKT
Add artist: artistId: 954, name: GACKT
かぐや姫
Add artist: artistId: 955, name: かぐや姫
Kagrra,
Add artist: artistId: 956, name: Kagrra,
神楽坂はん子
Add artist: artistId: 957, name: 神楽坂はん子
GAGLE×Ovall
Add artist: artistId: 958, name: GAGLE×Ovall
駆け魂隊
Add artist: artistId: 959, name: 駆け魂隊
カケラバンク
Add artist: artistId: 960, name: カケラバンク
影山一郎
Add artist: artistId: 961, name: 影山一郎
影山ヒロノブ
Add artist: artistId: 962, name: 影山ヒロノブ
影山ヒロノブ＆遠藤正明
Add artist: artistId: 963, name: 影山ヒロノブ＆遠藤正明
カコイミク
Add artist: artistId: 964, name: カコイミク
河西智美
Add artist: artistId: 965, name: 河西智美
笠原弘子
Add artist: artistId: 966, name: 笠原弘子
笠置シヅ子
Add artist: artistId: 967, name: 笠置シヅ子
重音テト
Add artist: artistId: 968, name: 重音テト
カサリンチュ
Add artist: artistId: 969, name: カサリンチュ
かしぶち哲郎
Add artist: artistId: 970, name: かしぶち哲郎
柏原芳恵
Add artist: artistId: 971, name: 柏原芳恵
梶浦由記
Add artist: artistId: 972, name: 梶浦由記
カジヒデキ
Add artist: artistId: 973, name: カジヒデキ
加治ひとみ
Add artist: artistId: 974, name: 加治ひとみ
梶芽衣子
Add artist: artistId: 975, name: 梶芽衣子
春日八郎
Add artist: artistId: 976, name: 春日八郎
CASCADE
Add artist: artistId: 977, name: CASCADE
カスタマイZ
Add artist: artistId: 978, name: カスタマイZ
和幸
Add artist: artistId: 979, name: 和幸
和紗
Add artist: artistId: 980, name: 和紗
一葉
Add artist: artistId: 981, name: 一葉
kZm
Add artist: artistId: 982, name: kZm
カズン
Add artist: artistId: 983, name: カズン
加瀬愛奈
Add artist: artistId: 984, name: 加瀬愛奈
かせきさいだぁ
Add artist: artistId: 985, name: かせきさいだぁ
稼木美優
Add artist: artistId: 986, name: 稼木美優
風
Add artist: artistId: 987, name: 風
風光ル梟
Add artist: artistId: 988, name: 風光ル梟
the GazettE
Add artist: artistId: 989, name: the GazettE
片岡あづさ
Add artist: artistId: 990, name: 片岡あづさ
片岡信和
Add artist: artistId: 991, name: 片岡信和
片霧烈火
Add artist: artistId: 992, name: 片霧烈火
片桐舞子
Add artist: artistId: 993, name: 片桐舞子
片手☆SIZE[家長カナ(平野綾)・雪女(堀江由衣)・花開院ゆら(前田愛)]
Add artist: artistId: 994, name: 片手☆SIZE[家長カナ(平野綾)・雪女(堀江由衣)・花開院ゆら(前田愛)]
片平なぎさ
Add artist: artistId: 995, name: 片平なぎさ
片平里菜
Add artist: artistId: 996, name: 片平里菜
katyusha
Add artist: artistId: 997, name: katyusha
Gacharic Spin
Add artist: artistId: 998, name: Gacharic Spin
勝手にしやがれ
Add artist: artistId: 999, name: 勝手にしやがれ
GATS TKB SHOW
Add artist: artistId: 1000, name: GATS TKB SHOW
GOT7
Add artist: artistId: 1001, name: GOT7
勝新太郎
Add artist: artistId: 1002, name: 勝新太郎
勝野慎子
Add artist: artistId: 1003, name: 勝野慎子
KATSUMI
Add artist: artistId: 1004, name: KATSUMI
葛城ユキ
Add artist: artistId: 1005, name: 葛城ユキ
桂ヒナギク starring 伊藤静
Add artist: artistId: 1006, name: 桂ヒナギク starring 伊藤静
KAT-TUN
Add artist: artistId: 1007, name: KAT-TUN
加藤いづみ
Add artist: artistId: 1008, name: 加藤いづみ
加藤英美里
Add artist: artistId: 1009, name: 加藤英美里
加藤和樹
Add artist: artistId: 1010, name: 加藤和樹
加藤和彦
Add artist: artistId: 1011, name: 加藤和彦
加藤登紀子
Add artist: artistId: 1012, name: 加藤登紀子
加藤ミリヤ
Add artist: artistId: 1013, name: 加藤ミリヤ
加藤ミリヤ×清水翔太
Add artist: artistId: 1014, name: 加藤ミリヤ×清水翔太
かとうれいこ
Add artist: artistId: 1015, name: かとうれいこ
カトキット
Add artist: artistId: 1016, name: カトキット
かと*ふく(加藤英美里＆福原香織)
Add artist: artistId: 1017, name: かと*ふく(加藤英美里＆福原香織)
門あさ美
Add artist: artistId: 1018, name: 門あさ美
角川博
Add artist: artistId: 1019, name: 角川博
門倉有希
Add artist: artistId: 1020, name: 門倉有希
角松敏生
Add artist: artistId: 1021, name: 角松敏生
KANA
Add artist: artistId: 1022, name: KANA
金井克子
Add artist: artistId: 1023, name: 金井克子
KANAKO
Add artist: artistId: 1024, name: KANAKO
金沢明子
Add artist: artistId: 1025, name: 金沢明子
KΛNΛTΛ(渕上舞)
Add artist: artistId: 1026, name: KΛNΛTΛ(渕上舞)
Kanade
Add artist: artistId: 1027, name: Kanade
かなでももこ
Add artist: artistId: 1028, name: かなでももこ
KANA-BOON
Add artist: artistId: 1029, name: KANA-BOON
KANAN
Add artist: artistId: 1030, name: KANAN
我那覇美奈
Add artist: artistId: 1031, name: 我那覇美奈
kannivalism
Add artist: artistId: 1032, name: kannivalism
金木和也
Add artist: artistId: 1033, name: 金木和也
カネコアヤノ
Add artist: artistId: 1034, name: カネコアヤノ
金子ノブアキ
Add artist: artistId: 1035, name: 金子ノブアキ
エラーが起きました
金子麻友美
Add artist: artistId: 1036, name: 金子麻友美
金子由香利
Add artist: artistId: 1037, name: 金子由香利
金田たつえ
Add artist: artistId: 1038, name: 金田たつえ
金延幸子
Add artist: artistId: 1039, name: 金延幸子
金元寿子
Add artist: artistId: 1040, name: 金元寿子
鹿乃
Add artist: artistId: 1041, name: 鹿乃
叶弦大
Add artist: artistId: 1042, name: 叶弦大
加納秀人
Add artist: artistId: 1043, name: 加納秀人
加納ひろし
Add artist: artistId: 1044, name: 加納ひろし
カノエラナ
Add artist: artistId: 1045, name: カノエラナ
彼女 IN THE DISPLAY
Add artist: artistId: 1046, name: 彼女 IN THE DISPLAY
カノン
Add artist: artistId: 1047, name: カノン
華原朋美
Add artist: artistId: 1048, name: 華原朋美
カヒミ・カリィ
Add artist: artistId: 1049, name: カヒミ・カリィ
カブキロックス
Add artist: artistId: 1050, name: カブキロックス
capsule
Add artist: artistId: 1051, name: capsule
caho
Add artist: artistId: 1052, name: caho
かまやつひろし
Add artist: artistId: 1053, name: かまやつひろし
上木彩矢
Add artist: artistId: 1054, name: 上木彩矢
上北健
Add artist: artistId: 1055, name: 上北健
神様、僕は気づいてしまった
Add artist: artistId: 1056, name: 神様、僕は気づいてしまった
上白石萌音
Add artist: artistId: 1057, name: 上白石萌音
上新功祐
Add artist: artistId: 1058, name: 上新功祐
KAMIJO
Add artist: artistId: 1059, name: KAMIJO
上條恒彦
Add artist: artistId: 1060, name: 上條恒彦
カミタミカ
Add artist: artistId: 1061, name: カミタミカ
カミナリグモ
Add artist: artistId: 1062, name: カミナリグモ
神はサイコロを振らない
Add artist: artistId: 1063, name: 神はサイコロを振らない
紙ふうせん
Add artist: artistId: 1064, name: 紙ふうせん
上村昌也
Add artist: artistId: 1065, name: 上村昌也
神谷浩史
Add artist: artistId: 1066, name: 神谷浩史
神谷浩史＋小野大輔
Add artist: artistId: 1067, name: 神谷浩史＋小野大輔
神山みさ
Add artist: artistId: 1068, name: 神山みさ
Coming Century
Add artist: artistId: 1069, name: Coming Century
KAmiYU
Add artist: artistId: 1070, name: KAmiYU
COMEBACK MY DAUGHTERS
Add artist: artistId: 1071, name: COMEBACK MY DAUGHTERS
カメレオ
Add artist: artistId: 1072, name: カメレオ
仮面ライダーGIRLS
Add artist: artistId: 1073, name: 仮面ライダーGIRLS
かもめ児童合唱団
Add artist: artistId: 1074, name: かもめ児童合唱団
嘉門達夫
Add artist: artistId: 1075, name: 嘉門達夫
佳山明生
Add artist: artistId: 1076, name: 佳山明生
果山サキ
Add artist: artistId: 1077, name: 果山サキ
加山雄三
Add artist: artistId: 1078, name: 加山雄三
加山雄三＆ハイパーランチャーズ
Add artist: artistId: 1079, name: 加山雄三＆ハイパーランチャーズ
嘉陽愛子
Add artist: artistId: 1080, name: 嘉陽愛子
KARA
Add artist: artistId: 1081, name: KARA
唐沢美帆
Add artist: artistId: 1082, name: 唐沢美帆
辛島美登里
Add artist: artistId: 1083, name: 辛島美登里
鴉
Add artist: artistId: 1084, name: 鴉
カラスは真っ白
Add artist: artistId: 1085, name: カラスは真っ白
Carat
Add artist: artistId: 1086, name: Carat
Kalafina
Add artist: artistId: 1087, name: Kalafina
COLOR
Add artist: artistId: 1088, name: COLOR
カラーボトル
Add artist: artistId: 1089, name: カラーボトル
がらくたロボット
Add artist: artistId: 1090, name: がらくたロボット
cali≠gari
Add artist: artistId: 1091, name: cali≠gari
Charisma.com
Add artist: artistId: 1092, name: Charisma.com
仮谷せいら
Add artist: artistId: 1093, name: 仮谷せいら
狩人
Add artist: artistId: 1094, name: 狩人
かりゆし58
Add artist: artistId: 1095, name: かりゆし58
Galileo Galilei
Add artist: artistId: 1096, name: Galileo Galilei
カルテット
Add artist: artistId: 1097, name: カルテット
カルメン・マキ
Add artist: artistId: 1098, name: カルメン・マキ
カルロス・トシキ＆オメガトライブ
Add artist: artistId: 1099, name: カルロス・トシキ＆オメガトライブ
GARNiDELiA
Add artist: artistId: 1100, name: GARNiDELiA
GALNERYUS
Add artist: artistId: 1101, name: GALNERYUS
Kaleido Knight
Add artist: artistId: 1102, name: Kaleido Knight
カレン
Add artist: artistId: 1103, name: カレン
可憐GUY's
Add artist: artistId: 1104, name: 可憐GUY's
可憐Girl's
Add artist: artistId: 1105, name: 可憐Girl's
GALETTe
Add artist: artistId: 1106, name: GALETTe
ガロ
Add artist: artistId: 1107, name: ガロ
河相我聞
Add artist: artistId: 1108, name: 河相我聞
河合その子
Add artist: artistId: 1109, name: 河合その子
河合奈保子
Add artist: artistId: 1110, name: 河合奈保子
川江美奈子
Add artist: artistId: 1111, name: 川江美奈子
川音希
Add artist: artistId: 1112, name: 川音希
川上ジュリア
Add artist: artistId: 1113, name: 川上ジュリア
川上大輔
Add artist: artistId: 1114, name: 川上大輔
川上とも子
Add artist: artistId: 1115, name: 川上とも子
河口恭吾
Add artist: artistId: 1116, name: 河口恭吾
川崎修二
Add artist: artistId: 1117, name: 川崎修二
川崎麻世
Add artist: artistId: 1118, name: 川崎麻世
川嶋あい
Add artist: artistId: 1119, name: 川嶋あい
河島英五
Add artist: artistId: 1120, name: 河島英五
川島ケイジ
Add artist: artistId: 1121, name: 川島ケイジ
エラーが起きました
川嶋志乃舞
Add artist: artistId: 1122, name: 川嶋志乃舞
川島なお美
Add artist: artistId: 1123, name: 川島なお美
川田まみ
Add artist: artistId: 1124, name: 川田まみ
川中美幸
Add artist: artistId: 1125, name: 川中美幸
川野夏美
Add artist: artistId: 1126, name: 川野夏美
河野マリナ
Add artist: artistId: 1127, name: 河野マリナ
川原亜矢子
Add artist: artistId: 1128, name: 川原亜矢子
川畑アキラ
Add artist: artistId: 1129, name: 川畑アキラ
川畑要
Add artist: artistId: 1130, name: 川畑要
河辺千恵子
Add artist: artistId: 1131, name: 河辺千恵子
川村カオリ
Add artist: artistId: 1132, name: 川村カオリ
河村隆(川本成)
Add artist: artistId: 1133, name: 河村隆(川本成)
川村万梨阿
Add artist: artistId: 1134, name: 川村万梨阿
川村結花
Add artist: artistId: 1135, name: 川村結花
川村ゆみ
Add artist: artistId: 1136, name: 川村ゆみ
河村隆一
Add artist: artistId: 1137, name: 河村隆一
川本真琴
Add artist: artistId: 1138, name: 川本真琴
川本真琴 with ゴロニャンず
Add artist: artistId: 1139, name: 川本真琴 with ゴロニャンず
川本真琴 feat. TIGER FAKE FUR
Add artist: artistId: 1140, name: 川本真琴 feat. TIGER FAKE FUR
KARK4DEER
Add artist: artistId: 1141, name: KARK4DEER
ザ・カーナビーツ
Add artist: artistId: 1142, name: ザ・カーナビーツ
カーネーション
Add artist: artistId: 1143, name: カーネーション
Curly Giraffe
Add artist: artistId: 1144, name: Curly Giraffe
GARNET CROW
Add artist: artistId: 1145, name: GARNET CROW
Girls Dead Monster
Add artist: artistId: 1146, name: Girls Dead Monster
girl next door
Add artist: artistId: 1147, name: girl next door
GIRLFRIEND
Add artist: artistId: 1148, name: GIRLFRIEND
KAN
Add artist: artistId: 1149, name: KAN
感覚ピエロ
Add artist: artistId: 1150, name: 感覚ピエロ
can/goo
Add artist: artistId: 1151, name: can/goo
CANCION
Add artist: artistId: 1152, name: CANCION
感傷ベクトル
Add artist: artistId: 1153, name: 感傷ベクトル
関ジャニ∞
Add artist: artistId: 1154, name: 関ジャニ∞
神田沙也加
Add artist: artistId: 1155, name: 神田沙也加
神田優花
Add artist: artistId: 1156, name: 神田優花
神田莉緒香
Add artist: artistId: 1157, name: 神田莉緒香
カントリー娘。
Add artist: artistId: 1158, name: カントリー娘。
canna
Add artist: artistId: 1159, name: canna
栞菜智世
Add artist: artistId: 1160, name: 栞菜智世
菅野美穂
Add artist: artistId: 1161, name: 菅野美穂
神戸一郎
Add artist: artistId: 1162, name: 神戸一郎
神部冬馬
Add artist: artistId: 1163, name: 神部冬馬
THE冠
Add artist: artistId: 1164, name: THE冠
冠二郎
Add artist: artistId: 1165, name: 冠二郎
The KanLeKeeZ
Add artist: artistId: 1166, name: The KanLeKeeZ
GANGA ZUMBA
Add artist: artistId: 1167, name: GANGA ZUMBA
がんばれ！Victory
Add artist: artistId: 1168, name: がんばれ！Victory
きいやま商店
Add artist: artistId: 1169, name: きいやま商店
きくおはな(きくおと花たん)
Add artist: artistId: 1170, name: きくおはな(きくおと花たん)
菊池章子
Add artist: artistId: 1171, name: 菊池章子
菊地まどか
Add artist: artistId: 1172, name: 菊地まどか
菊池桃子
Add artist: artistId: 1173, name: 菊池桃子
キケチャレ！
Add artist: artistId: 1174, name: キケチャレ！
岸尾だいすけ
Add artist: artistId: 1175, name: 岸尾だいすけ
木下航志
Add artist: artistId: 1176, name: 木下航志
岸谷香
Add artist: artistId: 1177, name: 岸谷香
岸田教団＆THE明星ロケッツ
Add artist: artistId: 1178, name: 岸田教団＆THE明星ロケッツ
岸田敏志
Add artist: artistId: 1179, name: 岸田敏志
氣志團
Add artist: artistId: 1180, name: 氣志團
岸洋子
Add artist: artistId: 1181, name: 岸洋子
希島あいり
Add artist: artistId: 1182, name: 希島あいり
キジ☆ムナ
Add artist: artistId: 1183, name: キジ☆ムナ
来生たかお
Add artist: artistId: 1184, name: 来生たかお
Kis-My-Ft2
Add artist: artistId: 1185, name: Kis-My-Ft2
城南海
Add artist: artistId: 1186, name: 城南海
黄瀬涼太(木村良平)
Add artist: artistId: 1187, name: 黄瀬涼太(木村良平)
GYZE
Add artist: artistId: 1188, name: GYZE
北岡ひろし
Add artist: artistId: 1189, name: 北岡ひろし
北川大介
Add artist: artistId: 1190, name: 北川大介
北清水雄太
Add artist: artistId: 1191, name: 北清水雄太
喜多修平
Add artist: artistId: 1192, name: 喜多修平
北島三郎
Add artist: artistId: 1193, name: 北島三郎
きただにひろし
Add artist: artistId: 1194, name: きただにひろし
北出菜奈
Add artist: artistId: 1195, name: 北出菜奈
北乃きい
Add artist: artistId: 1196, name: 北乃きい
北野都
Add artist: artistId: 1197, name: 北野都
北原謙二
Add artist: artistId: 1198, name: 北原謙二
北原ミレイ
Add artist: artistId: 1199, name: 北原ミレイ
北見恭子
Add artist: artistId: 1200, name: 北見恭子
喜多村英梨
Add artist: artistId: 1201, name: 喜多村英梨
北山たけし
Add artist: artistId: 1202, name: 北山たけし
ギターウルフ
Add artist: artistId: 1203, name: ギターウルフ
Kick a Show
Add artist: artistId: 1204, name: Kick a Show
吉川晃司
Add artist: artistId: 1205, name: 吉川晃司
吉川友
Add artist: artistId: 1206, name: 吉川友
KICK THE CAN CREW
Add artist: artistId: 1207, name: KICK THE CAN CREW
kicco
Add artist: artistId: 1208, name: kicco
KIDS
Add artist: artistId: 1209, name: KIDS
キツネの嫁入り
Add artist: artistId: 1210, name: キツネの嫁入り
THE KIDDIE
Add artist: artistId: 1211, name: THE KIDDIE
